Case #1: 3 4 6
Case #2: 2 4 6 7 8 9 11
Case #3: 12 14 17 21 24 26 29
Case #4: 10 17 22 27 33 38 43 45 49
Case #5: 3 4 7 10
Case #6: 3 5 7 9 11 12 14 15 16
Case #7: 3 6 11 15 16
Case #8: 5 7 11 14 15 16 18 20 23
Case #9: 2 4 5 10
Case #10: 16 18 26 34
Case #11: 20 25 35 38 40 46 49 51 54 57
Case #12: 23 29 30 35 40 49 53 54
Case #13: 1 2 4
Case #14: 2 3 4
Case #15: 13 14 17 19 22 24 25 26 27 31
Case #16: 6 12 16 21
Case #17: 1 2 3
Case #18: 6 8
Case #19: 8 11 12 14 17 20 22 25 27
Case #20: 8 9 11 14 19 23 27
Case #21: 1 3
Case #22: 2 22
Case #23: 46 49 50 53 54 57 58 60 62 64
Case #24: 6 9 11 12 15 17 18
Case #25: 10 20 30 40 50 60 70 80 90 100
Case #26: 2 7 8 9 10 11 24
Case #27: 20 23 28 29 30 34 38 41 42
Case #28: 5 6 7 8
Case #29: 10 16 20 24 26 28 33 36 39
Case #30: 10 15 17 21
Case #31: 3 4
Case #32: 1 2 3 4
Case #33: 2 6
Case #34: 16 20 22 25 30 34 36 38 40
Case #35: 2 3 4 5 6 7 8
Case #36: 17 25 26 30 33 34 36 40 41 45
Case #37: 2 4 5 8 11 12 15
Case #38: 18 24 27 29 30 34 36 39 44 47
Case #39: 54 118 125 146 171 192 199
Case #40: 3 5 6 8 11 12
Case #41: 13 28 53 64 99 119 133 156 157 179
Case #42: 12 13 15 18 21 22 23
Case #43: 4 8
Case #44: 2 3 5 7 9 10 12 14
Case #45: 2 4 6 7
Case #46: 7 8 9 10 11 12 13 14 15 16
Case #47: 2 4
Case #48: 3 4 5
Case #49: 3 10 17 24 31 38 45
Case #50: 22 222
