Case #1: CAB
Case #2: MJA
Case #3: OCDE
Case #4: BBAAA
Case #5: CCCABBBAB
Case #6: CCCBAABAB
Case #7: ZXCASDQWE
Case #8: BBB
Case #9: BBBBBAAAAAAAA
Case #10: CBA
Case #11: ONEBCAFGHIJKLMD
Case #12: CBAAAAAAAAAAAA
Case #13: BA
Case #14: OLCBAEFHKJDIMNG
Case #15: CCCCCBBAABBBBAB
Case #16: BBA
Case #17: CCCBBABAABBABAB
Case #18: MMDEGALKJIHFCBA
Case #19: CBA
Case #20: MMLJIHFEDBACGKA
Case #21: ZYXVSQMWVRQJJRT
Case #22: BAAA
Case #23: ZACBA
Case #24: ZRLQMFSGJXDSNHV
Case #25: CCCCCBBBBBAAAAA
Case #26: ZAYBXCWDUE
Case #27: OKBDNFGMHJALEIC
Case #28: CCCCCBBBBBAAAAA
Case #29: DCCBBBBAAABAAAA
Case #30: CCCCABBBABABABB
Case #31: CCCCCCCCCAABAAA
Case #32: BBA
Case #33: CCCBAAAAABBBABA
Case #34: CCCCCCCCCAAAAAA
Case #35: CCCCCBBBBABAAAA
Case #36: CCBAAAABBBBBBAB
Case #37: CBBAAAAAAAAAA
Case #38: CCCCCCAAABAAABB
Case #39: CCCCCCBABAAABBB
Case #40: CBA
Case #41: CCCCCCAABBBBABB
Case #42: CCCCBBBBABBABAB
Case #43: ZAAAA
Case #44: ZDCBA
Case #45: Z
Case #46: CCCCCCCABBBBAAB
Case #47: XXVKHJFFGQHBGDR
Case #48: ZADBC
Case #49: DCBBBBAAABCBA
Case #50: BBA
Case #51: DDDCCBAABBABCA
Case #52: BAAA
Case #53: CCCCCAAAABBBBBA
Case #54: CCCCABAABABBABA
Case #55: OLNGKIJCMFEDHBA
Case #56: CCCCCAAAAABBBBB
Case #57: BAA
Case #58: MMLDAKJIHGFECBA
Case #59: ZDABC
Case #60: DCBBBBBAABCBB
Case #61: CCCBBAAAABBABBA
Case #62: BB
Case #63: ZWWVHHJYKDRLYXX
Case #64: ONMILKJBHGFEDCA
Case #65: AA
Case #66: CCCABABABBABBAB
Case #67: CCCCCBBBBBAAAAA
Case #68: RRBAACADABA
Case #69: CCCCCCCCCAAABBA
Case #70: MMKIHGDBACEFJLA
Case #71: MMAFGJLAKIHEDCB
Case #72: DCCBBBBAABAAA
Case #73: ONLIMEHJGFKDCBA
Case #74: ONMHGBAEDCILKJF
Case #75: BAA
Case #76: CBAAAAAAAAAAA
Case #77: A
Case #78: OGNLKDBCFMEJHAI
Case #79: CCCCCBAAAAABBBB
Case #80: CCCCCBBBBBAAAAA
Case #81: AAA
Case #82: CBBBAAAAAAAAA
Case #83: ZWYDDXPVPLLWWYF
Case #84: CCCCCCBAABABBAA
Case #85: CBA
Case #86: BAAA
Case #87: MMHAGEDABCFIJKL
Case #88: BAA
Case #89: CCBBAAAAAAAAA
Case #90: BA
Case #91: ZABCD
Case #92: ZABYCXDWEU
Case #93: CCCCCCCAAAABBBB
Case #94: ZEDCBAYXWU
Case #95: BAAA
Case #96: ONMLICFKJEHGBDA
Case #97: CAB
Case #98: ONMLKEDBACFJGIH
Case #99: CCCCCBBBABAAAAB
Case #100: CCCCCBBBBBAAAAA
